<?xml version="1.0" encoding="UTF-8"?>
<testng-results ignored="0" total="1" passed="1" failed="0" skipped="0">
  <reporter-output>
  </reporter-output>
  <suite started-at="2020-09-04T05:06:30Z" name="Suite" finished-at="2020-09-04T05:06:51Z" duration-ms="21053">
    <groups>
    </groups>
    <test started-at="2020-09-04T05:06:30Z" name="Test" finished-at="2020-09-04T05:06:51Z" duration-ms="21053">
      <class name="com.testCases.TC_LoginTest_001">
        <test-method is-config="true" signature="setup(java.lang.String)[pri:0, instance:com.testCases.TC_LoginTest_001@43d7741f]" started-at="2020-09-04T05:06:31Z" name="setup" finished-at="2020-09-04T05:06:42Z" duration-ms="11652" status="PASS">
          <params>
            <param index="0">
              <value>
                <![CDATA[chrome]]>
              </value>
            </param>
          </params>
          <reporter-output>
          </reporter-output>
        </test-method> <!-- setup -->
        <test-method signature="loginTest()[pri:0, instance:com.testCases.TC_LoginTest_001@43d7741f]" started-at="2020-09-04T05:06:42Z" name="loginTest" finished-at="2020-09-04T05:06:50Z" duration-ms="7553" status="PASS">
          <reporter-output>
          </reporter-output>
        </test-method> <!-- loginTest -->
        <test-method is-config="true" signature="teardown()[pri:0, instance:com.testCases.TC_LoginTest_001@43d7741f]" started-at="2020-09-04T05:06:50Z" name="teardown" finished-at="2020-09-04T05:06:51Z" duration-ms="1427" status="PASS">
          <reporter-output>
          </reporter-output>
        </test-method> <!-- teardown -->
      </class> <!-- com.testCases.TC_LoginTest_001 -->
    </test> <!-- Test -->
  </suite> <!-- Suite -->
</testng-results>
