<?xml version="1.0" encoding="UTF-8"?>
<testng-results skipped="0" failed="0" total="1" passed="1">
  <reporter-output>
  </reporter-output>
  <suite name="Suite" duration-ms="18444" started-at="2020-09-03T23:08:54Z" finished-at="2020-09-03T23:09:13Z">
    <groups>
    </groups>
    <test name="Test" duration-ms="18444" started-at="2020-09-03T23:08:54Z" finished-at="2020-09-03T23:09:13Z">
      <class name="com.testCases.TC_LoginTest_001">
        <test-method status="PASS" signature="setup(java.lang.String)[pri:0, instance:com.testCases.TC_LoginTest_001@4bec1f0c]" name="setup" is-config="true" duration-ms="8767" started-at="2020-09-03T19:08:55Z" finished-at="2020-09-03T19:09:03Z">
          <params>
            <param index="0">
              <value>
                <![CDATA[chrome]]>
              </value>
            </param>
          </params>
          <reporter-output>
          </reporter-output>
        </test-method> <!-- setup -->
        <test-method status="PASS" signature="loginTest()[pri:0, instance:com.testCases.TC_LoginTest_001@4bec1f0c]" name="loginTest" duration-ms="7613" started-at="2020-09-03T19:09:03Z" finished-at="2020-09-03T19:09:11Z">
          <reporter-output>
          </reporter-output>
        </test-method> <!-- loginTest -->
        <test-method status="PASS" signature="teardown()[pri:0, instance:com.testCases.TC_LoginTest_001@4bec1f0c]" name="teardown" is-config="true" duration-ms="1427" started-at="2020-09-03T19:09:11Z" finished-at="2020-09-03T19:09:13Z">
          <reporter-output>
          </reporter-output>
        </test-method> <!-- teardown -->
      </class> <!-- com.testCases.TC_LoginTest_001 -->
    </test> <!-- Test -->
  </suite> <!-- Suite -->
</testng-results>
